sample.interval=20000
"match" "%in%" "[[.data.frame" "[[" "FUN" "lapply" "<Anonymous>" 
"format.default" "format" "<Anonymous>" 
"any" "<Anonymous>" 
"format.default" "format" "<Anonymous>" 
"prettyNum" "format.default" "format" "<Anonymous>" 
"print.function" "print" 
"unique.default" "unique" "setdiff" "inherit.from.parent.type" "make.type.hierachy" "load.types" "init.ec" 
"as.character.default" "as.character" "as.character" ".Call" "stri_locate_first_fixed" "str_locate" "str.locate.first" "str.left.of" "tree.obj.to.struct.obj" "tree.obj.to.struct.obj" "tree.obj.to.struct.obj" "load.struct" "load.model" 
"doTryCatch" "tryCatchOne" "tryCatchList" "tryCatch" "try" "store.objects" "restore.point" "tree.obj.to.struct.obj" "tree.obj.to.struct.obj" "tree.obj.to.struct.obj" "tree.obj.to.struct.obj" "load.struct" "load.model" 
"sys.frame" "as.list" "copy.fun" "store.objects" "restore.point" "tree.obj.to.struct.obj" "tree.obj.to.struct.obj" "tree.obj.to.struct.obj" "tree.obj.to.struct.obj" "load.struct" "load.model" 
"get.special.type" "tree.obj.to.struct.obj" "tree.obj.to.struct.obj" "tree.obj.to.struct.obj" "tree.obj.to.struct.obj" "load.struct" "load.model" 
"parent.env" "store.objects" "restore.point" "load.model" 
"deduce.typeName" "tree.obj.to.struct.obj" "tree.obj.to.struct.obj" "tree.obj.to.struct.obj" "tree.obj.to.struct.obj" "load.struct" "load.model" 
"str_locate" "str.locate.first" "str.left.of" "tree.obj.to.struct.obj" "tree.obj.to.struct.obj" "tree.obj.to.struct.obj" "tree.obj.to.struct.obj" "load.struct" "load.model" 
"exists" "get.restore.point.options" "restore.point" "tree.obj.to.struct.obj" "tree.obj.to.struct.obj" "tree.obj.to.struct.obj" "load.struct" "load.model" 
"FUN" "lapply" "sapply" "FUN" "lapply" "sapply" "FUN" "lapply" "sapply" "list.tree.length" "table.tree" "obj.to.struct" "load.struct" "load.model" 
"paste0" "FUN" "lapply" "obj.to.struct" "load.struct" "load.model" 
"tryCatch" "try" "store.objects" "restore.point" "init.var.formula" "FUN" "lapply" "init.vars.formulas" "init.model.vars" "init.model" 
"is.factor" "unique.default" "unique" "<Anonymous>" "as.vector" "setdiff" "unique" "compute.var.dependsOn" "init.var.formula" "FUN" "lapply" "init.vars.formulas" "init.model.vars" "init.model" 
"as.list" "lapply" "<Anonymous>" "as.vector" "setdiff" "unique" "compute.var.dependsOn" "init.var.formula" "FUN" "lapply" "init.vars.formulas" "init.model.vars" "init.model" 
"getNamespace" "asNamespace" "getExportedValue" "::" ".Call" "vcount" "V" "match" "as.igraph.vs" ".Call" "add_edges" "[<-.igraph" "[<-" "dependency.graph" "fo.add.dependencies" "init.model.vars" "init.model" 
"seq.default" "seq" "add_edges" "[<-.igraph" "[<-" "dependency.graph" "fo.add.dependencies" "init.model.vars" "init.model" 
"tryCatch" "try" "store.objects" "restore.point" "FUN" "lapply" "dependency.graph" "fo.add.dependencies" "init.model.vars" "init.model" 
"isBaseNamespace" "getExportedValue" "::" "vertex_attr_names" "match" "%in%" "as.igraph.vs" ".Call" "get.edge.ids" "[.igraph" "[" "[<-.igraph" "[<-" "dependency.graph" "fo.add.dependencies" "init.model.vars" "init.model" 
"identical" "apply.term.rules" "apply.term.rules" "apply.term.rules" "apply.term.rules" "apply.term.rules" "apply.term.rules" "sym.solve.eq" "fo.solve" "solve.model.explicit" "init.model" 
"parse" "FUN" "lapply" "make.subst.li" "fo.code.subst.li" "make.inner.compute.code" "make.inner.sim.fun" "create.sim.fun" "init.model" 
"parse" "FUN" "lapply" "make.subst.li" "fo.code.subst.li" "make.inner.compute.code" "make.inner.sim.fun" "create.sim.fun" "init.model" 
"parse" "FUN" "lapply" "make.subst.li" "fo.code.subst.li" "make.inner.compute.code" "make.inner.sim.fun" "create.sim.fun" "init.model" 
"structure" ".POSIXct" "Sys.time" "srcfilecopy" "parse" "FUN" "lapply" "make.subst.li" "fo.code.subst.li" "make.inner.compute.code" "make.inner.sim.fun" "create.sim.fun" "init.model" 
"as.list" "lapply" "unlist" "unique" "findLocalsList1" "FUN" "lapply" "unlist" "unique" "findLocalsList1" "FUN" "lapply" "unlist" "unique" "findLocalsList1" "unique" "FUN" "lapply" "unlist" "unique" "findLocalsList1" "FUN" "lapply" "unlist" "unique" "findLocalsList1" "FUN" "lapply" "unlist" "unique" "findLocalsList1" "FUN" "lapply" "unlist" "unique" "findLocalsList1" "findLocalsList" "funEnv" "make.functionContext" "<Anonymous>" "make.inner.sim.fun" "create.sim.fun" "init.model" 
"exists" "findCenvVar" "getInlineInfo" "tryInline" "cmpCall" "cmp" "h" "tryInline" "cmpCall" "cmp" "h" "tryInline" "cmpCall" "cmp" "h" "tryInline" "cmpCall" "cmp" "genCode" "<Anonymous>" "make.inner.sim.fun" "create.sim.fun" "init.model" 
"unique" "findLocalsList1" "FUN" "lapply" "unlist" "unique" "findLocalsList1" "FUN" "lapply" "unlist" "unique" "findLocalsList1" "FUN" "lapply" "unlist" "unique" "findLocalsList1" "FUN" "lapply" "unlist" "unique" "findLocalsList1" "findLocalsList" "funEnv" "make.functionContext" "h" "tryInline" "cmpCall" "cmp" "genCode" "<Anonymous>" "cmpCallArgs" "cmpCallSymFun" "cmpCall" "cmp" "h" "tryInline" "cmpCall" "cmp" "cmpSymbolAssign" "h" "tryInline" "cmpCall" "cmp" "h" "tryInline" "cmpCall" "cmp" "h" "tryInline" "cmpCall" "cmp" "h" "tryInline" "cmpCall" "cmp" "genCode" "<Anonymous>" "make.inner.sim.fun" "create.sim.fun" "init.model" 
"make.callContext" "cmpCall" "cmp" "cmpSymbolAssign" "h" "tryInline" "cmpCall" "cmp" "h" "tryInline" "cmpCall" "cmp" "h" "tryInline" "cmpCall" "cmp" "h" "tryInline" "cmpCall" "cmp" "genCode" "<Anonymous>" "make.inner.sim.fun" "create.sim.fun" "init.model" 
"<Anonymous>" "cmpSym" "cmp" "cmpSubsetDispatch" "h" "tryInline" "cmpCall" "cmp" "cmpPrim2" "h" "tryInline" "cmpCall" "cmp" "h" "tryInline" "cmpCall" "cmp" "cmpPrim2" "h" "tryInline" "cmpCall" "cmp" "cmpPrim2" "h" "tryInline" "cmpCall" "cmp" "cmpPrim2" "h" "tryInline" "cmpCall" "cmp" "h" "tryInline" "cmpCall" "cmp" "cmpPrim2" "h" "tryInline" "cmpCall" "cmp" "cmpBuiltinArgs" "h" "tryInline" "cmpCall" "cmp" "h" "tryInline" "cmpCall" "cmp" "genCode" "h" "tryInline" "cmpCall" "cmp" "genCode" "<Anonymous>" "cmpCallArgs" "cmpCallSymFun" "cmpCall" "cmp" "h" "tryInline" "cmpCall" "cmp" "cmpSymbolAssign" "h" "tryInline" "cmpCall" "cmp" "h" "tryInline" "cmpCall" "cmp" "h" "tryInline" "cmpCall" "cmp" "h" "tryInline" "cmpCall" "cmp" "genCode" "<Anonymous>" "make.inner.sim.fun" "create.sim.fun" "init.model" 
"$" "findCenvVar" "getInlineInfo" "tryInline" "cmpCall" "cmp" "h" "tryInline" "cmpCall" "cmp" "cmpPrim2" "h" "tryInline" "cmpCall" "cmp" "cmpPrim2" "h" "tryInline" "cmpCall" "cmp" "h" "tryInline" "cmpCall" "cmp" "cmpPrim2" "h" "tryInline" "cmpCall" "cmp" "cmpBuiltinArgs" "h" "tryInline" "cmpCall" "cmp" "h" "tryInline" "cmpCall" "cmp" "genCode" "h" "tryInline" "cmpCall" "cmp" "genCode" "<Anonymous>" "cmpCallArgs" "cmpCallSymFun" "cmpCall" "cmp" "h" "tryInline" "cmpCall" "cmp" "cmpSymbolAssign" "h" "tryInline" "cmpCall" "cmp" "h" "tryInline" "cmpCall" "cmp" "h" "tryInline" "cmpCall" "cmp" "h" "tryInline" "cmpCall" "cmp" "genCode" "<Anonymous>" "make.inner.sim.fun" "create.sim.fun" "init.model" 
"lapply" "unlist" "unique" "findLocalsList1" "FUN" "lapply" "unlist" "unique" "findLocalsList1" "FUN" "lapply" "unlist" "unique" "findLocalsList1" "FUN" "lapply" "unlist" "unique" "findLocalsList1" "FUN" "lapply" "unlist" "unique" "findLocalsList1" "FUN" "lapply" "unlist" "unique" "findLocalsList1" "FUN" "lapply" "unlist" "unique" "findLocalsList1" "FUN" "lapply" "unlist" "unique" "findLocalsList1" "FUN" "lapply" "unlist" "unique" "findLocalsList1" "FUN" "lapply" "unlist" "unique" "findLocalsList1" "findLocalsList" "funEnv" "make.functionContext" "h" "tryInline" "cmpCall" "cmp" "genCode" "<Anonymous>" "cmpCallArgs" "cmpCallSymFun" "cmpCall" "cmp" "h" "tryInline" "cmpCall" "cmp" "cmpSymbolAssign" "h" "tryInline" "cmpCall" "cmp" "h" "tryInline" "cmpCall" "cmp" "h" "tryInline" "cmpCall" "cmp" "h" "tryInline" "cmpCall" "cmp" "genCode" "<Anonymous>" "make.inner.sim.fun" "create.sim.fun" "init.model" 
"as.list" "constantFoldCall" "constantFold" "cmp" "cmpBuiltinArgs" "h" "tryInline" "cmpCall" "cmp" "h" "tryInline" "cmpCall" "cmp" "genCode" "h" "tryInline" "cmpCall" "cmp" "genCode" "<Anonymous>" "cmpCallArgs" "cmpCallSymFun" "cmpCall" "cmp" "h" "tryInline" "cmpCall" "cmp" "cmpSymbolAssign" "h" "tryInline" "cmpCall" "cmp" "h" "tryInline" "cmpCall" "cmp" "h" "tryInline" "cmpCall" "cmp" "h" "tryInline" "cmpCall" "cmp" "genCode" "<Anonymous>" "make.inner.sim.fun" "create.sim.fun" "init.model" 
"cmpCall" "cmp" "h" "tryInline" "cmpCall" "cmp" "cmpPrim2" "h" "tryInline" "cmpCall" "cmp" "h" "tryInline" "cmpCall" "cmp" "h" "tryInline" "cmpCall" "cmp" "genCode" "<Anonymous>" "make.inner.sim.fun" "create.sim.fun" "init.model" 
"exists" "getInlineHandler" "tryInline" "cmpCall" "cmp" "cmpPrim2" "h" "tryInline" "cmpCall" "cmp" "cmpBuiltinArgs" "h" "tryInline" "cmpCall" "cmp" "h" "tryInline" "cmpCall" "cmp" "genCode" "h" "tryInline" "cmpCall" "cmp" "genCode" "<Anonymous>" "cmpCallArgs" "cmpCallSymFun" "cmpCall" "cmp" "h" "tryInline" "cmpCall" "cmp" "cmpSymbolAssign" "h" "tryInline" "cmpCall" "cmp" "h" "tryInline" "cmpCall" "cmp" "h" "tryInline" "cmpCall" "cmp" "cmpForBody" "h" "tryInline" "cmpCall" "cmp" "h" "tryInline" "cmpCall" "cmp" "genCode" "<Anonymous>" "make.inner.sim.fun" "create.sim.fun" "init.model" 
"delayedAssign" "findCenvVar" "getInlineInfo" "tryInline" "cmpCall" "cmp" "cmpBuiltinArgs" "h" "tryInline" "cmpCall" "cmp" "cmpSymbolAssign" "h" "tryInline" "cmpCall" "cmp" "h" "tryInline" "cmpCall" "cmp" "h" "tryInline" "cmpCall" "cmp" "cmpForBody" "h" "tryInline" "cmpCall" "cmp" "h" "tryInline" "cmpCall" "cmp" "genCode" "<Anonymous>" "make.inner.sim.fun" "create.sim.fun" "init.model" 
"getInlineInfo" "isBaseVar" "getFoldFun" "constantFoldCall" "constantFold" "cmp" "h" "tryInline" "cmpCall" "cmp" "cmpPrim2" "h" "tryInline" "cmpCall" "cmp" "cmpPrim2" "h" "tryInline" "cmpCall" "cmp" "h" "tryInline" "cmpCall" "cmp" "cmpPrim2" "h" "tryInline" "cmpCall" "cmp" "cmpBuiltinArgs" "h" "tryInline" "cmpCall" "cmp" "h" "tryInline" "cmpCall" "cmp" "genCode" "h" "tryInline" "cmpCall" "cmp" "genCode" "<Anonymous>" "cmpCallArgs" "cmpCallSymFun" "cmpCall" "cmp" "h" "tryInline" "cmpCall" "cmp" "cmpSymbolAssign" "h" "tryInline" "cmpCall" "cmp" "h" "tryInline" "cmpCall" "cmp" "h" "tryInline" "cmpCall" "cmp" "cmpForBody" "h" "tryInline" "cmpCall" "cmp" "h" "tryInline" "cmpCall" "cmp" "genCode" "<Anonymous>" "make.inner.sim.fun" "create.sim.fun" "init.model" 
"parent.env" "findCenvVar" "getInlineInfo" "isBaseVar" "getFoldFun" "constantFoldCall" "constantFold" "cmp" "cmpPrim2" "h" "tryInline" "cmpCall" "cmp" "cmpBuiltinArgs" "h" "tryInline" "cmpCall" "cmp" "h" "tryInline" "cmpCall" "cmp" "genCode" "h" "tryInline" "cmpCall" "cmp" "genCode" "<Anonymous>" "cmpCallArgs" "cmpCallSymFun" "cmpCall" "cmp" "h" "tryInline" "cmpCall" "cmp" "cmpSymbolAssign" "h" "tryInline" "cmpCall" "cmp" "h" "tryInline" "cmpCall" "cmp" "h" "tryInline" "cmpCall" "cmp" "cmpForBody" "h" "tryInline" "cmpCall" "cmp" "h" "tryInline" "cmpCall" "cmp" "genCode" "<Anonymous>" "make.inner.sim.fun" "create.sim.fun" "init.model" 
"constantFoldCall" "constantFold" "constantFoldCall" "constantFold" "cmp" "cmpBuiltinArgs" "h" "tryInline" "cmpCall" "cmp" "h" "tryInline" "cmpCall" "cmp" "genCode" "h" "tryInline" "cmpCall" "cmp" "genCode" "<Anonymous>" "cmpCallArgs" "cmpCallSymFun" "cmpCall" "cmp" "h" "tryInline" "cmpCall" "cmp" "cmpSymbolAssign" "h" "tryInline" "cmpCall" "cmp" "h" "tryInline" "cmpCall" "cmp" "h" "tryInline" "cmpCall" "cmp" "cmpForBody" "h" "tryInline" "cmpCall" "cmp" "h" "tryInline" "cmpCall" "cmp" "genCode" "<Anonymous>" "make.inner.sim.fun" "create.sim.fun" "init.model" 
"findHomeNS" "nsName" "getInlineInfo" "trySetterInline" "cmpSetterCall" "cmpComplexAssign" "h" "tryInline" "cmpCall" "cmp" "h" "tryInline" "cmpCall" "cmp" "h" "tryInline" "cmpCall" "cmp" "h" "tryInline" "cmpCall" "cmp" "cmpForBody" "h" "tryInline" "cmpCall" "cmp" "h" "tryInline" "cmpCall" "cmp" "genCode" "<Anonymous>" "make.inner.sim.fun" "create.sim.fun" "init.model" 
"<Anonymous>" 
"modifyList" "str.default" "str" "<Anonymous>" "do.call" "strSub" "str.default" "str" "<Anonymous>" "do.call" "strSub" "str.default" "NextMethod" "str.data.frame" "str" "doTryCatch" "tryCatchOne" "tryCatchList" "tryCatch" "try" "eval" "eval" "withVisible" "evalVis" "capture.output" ".rs.valueFromStr" "doTryCatch" "tryCatchOne" "tryCatchList" "tryCatch" ".rs.valueContents" "<Anonymous>" 
"match" "%in%" "deparse" "mode" "match" "%in%" "deparse" "deParse" "str.default" "str" "<Anonymous>" "do.call" "strSub" "str.default" "str" "<Anonymous>" "do.call" "strSub" "str.default" "NextMethod" "str.data.frame" "str" "doTryCatch" "tryCatchOne" "tryCatchList" "tryCatch" "try" "eval" "eval" "withVisible" "evalVis" "capture.output" ".rs.valueFromStr" "doTryCatch" "tryCatchOne" "tryCatchList" "tryCatch" ".rs.valueContents" "<Anonymous>" 
"FUN" "lapply" "do.call" "strSub" "str.default" "str" "<Anonymous>" "do.call" "strSub" "str.default" "NextMethod" "str.data.frame" "str" "doTryCatch" "tryCatchOne" "tryCatchList" "tryCatch" "try" "eval" "eval" "withVisible" "evalVis" "capture.output" ".rs.valueFromStr" "doTryCatch" "tryCatchOne" "tryCatchList" "tryCatch" ".rs.valueContents" "<Anonymous>" 
"options" "str.default" "NextMethod" "str.data.frame" "str" "doTryCatch" "tryCatchOne" "tryCatchList" "tryCatch" "try" "eval" "eval" "withVisible" "evalVis" "capture.output" ".rs.valueFromStr" "doTryCatch" "tryCatchOne" "tryCatchList" "tryCatch" ".rs.valueContents" "<Anonymous>" 
